\BOOKMARK [1][-]{section.1}{Methodology}{}% 1
\BOOKMARK [2][-]{subsection.1.1}{Benchmark}{section.1}% 2
\BOOKMARK [2][-]{subsection.1.2}{Ideal Ranking}{section.1}% 3
\BOOKMARK [2][-]{subsection.1.3}{Inter Ranking}{section.1}% 4
\BOOKMARK [2][-]{subsection.1.4}{Stake}{section.1}% 5
\BOOKMARK [2][-]{subsection.1.5}{Competitive weights}{section.1}% 6
\BOOKMARK [2][-]{subsection.1.6}{Running the network}{section.1}% 7
\BOOKMARK [2][-]{subsection.1.7}{Conditional computation}{section.1}% 8
\BOOKMARK [2][-]{subsection.1.8}{Extracting knowledge}{section.1}% 9
\BOOKMARK [1][-]{section.2}{Analysis}{}% 10
\BOOKMARK [2][-]{subsection.2.1}{Payoff Model}{section.2}% 11
\BOOKMARK [2][-]{subsection.2.2}{Empirical Model}{section.2}% 12
\BOOKMARK [1][-]{section.3}{Experiments}{}% 13
\BOOKMARK [2][-]{subsection.3.1}{Discussion}{section.3}% 14
\BOOKMARK [1][-]{section.4}{Conclusion}{}% 15
\BOOKMARK [1][-]{section.5}{Broader Impact}{}% 16
\BOOKMARK [1][-]{section.6}{Appendix}{}% 17
\BOOKMARK [2][-]{subsection.6.1}{Deriving the idealized ranking.}{section.6}% 18
\BOOKMARK [2][-]{subsection.6.2}{Deriving the weight convergence game.}{section.6}% 19
\BOOKMARK [2][-]{subsection.6.3}{Theorem}{section.6}% 20
\BOOKMARK [2][-]{subsection.6.4}{Setup}{section.6}% 21
\BOOKMARK [2][-]{subsection.6.5}{Deriving the ex-post zero-regret step.}{section.6}% 22
\BOOKMARK [3][-]{subsubsection.6.5.1}{Definition}{subsection.6.5}% 23
\BOOKMARK [3][-]{subsubsection.6.5.2}{Theorem}{subsection.6.5}% 24
\BOOKMARK [3][-]{subsubsection.6.5.3}{Proof}{subsection.6.5}% 25
